action: py37, msg: getenv
cwd: /home/SENSETIME/lifangyi/PycharmProjects/bovine-picker
cmd: /home/SENSETIME/lifangyi/PycharmProjects/bovine-picker/.tox/py37/bin/python -m pip install pytest pytest-cov
Collecting pytest
  Using cached https://files.pythonhosted.org/packages/56/53/0ae37ab12c457945ae0152c6571d6d40eecccddf25f71fe328f9aefe90ca/pytest-4.5.0-py2.py3-none-any.whl
Collecting pytest-cov
  Using cached https://files.pythonhosted.org/packages/84/7b/73f8522619d1cbb22b9a36f9c54bc5ce5e24648e53cc1bf566477d2d1f2b/pytest_cov-2.7.1-py2.py3-none-any.whl
Requirement already satisfied: setuptools in ./.tox/py37/lib/python3.7/site-packages (from pytest) (41.0.1)
Collecting atomicwrites>=1.0 (from pytest)
  Using cached https://files.pythonhosted.org/packages/52/90/6155aa926f43f2b2a22b01be7241be3bfd1ceaf7d0b3267213e8127d41f4/atomicwrites-1.3.0-py2.py3-none-any.whl
Collecting pluggy!=0.10,<1.0,>=0.9 (from pytest)
  Using cached https://files.pythonhosted.org/packages/cc/e4/2003a5e4e445424602c8f06a436eeed9e78bcae4947128f64741c66c7216/pluggy-0.11.0-py2.py3-none-any.whl
Collecting six>=1.10.0 (from pytest)
  Using cached https://files.pythonhosted.org/packages/73/fb/00a976f728d0d1fecfe898238ce23f502a721c0ac0ecfedb80e0d88c64e9/six-1.12.0-py2.py3-none-any.whl
Collecting wcwidth (from pytest)
  Using cached https://files.pythonhosted.org/packages/7e/9f/526a6947247599b084ee5232e4f9190a38f398d7300d866af3ab571a5bfe/wcwidth-0.1.7-py2.py3-none-any.whl
Collecting py>=1.5.0 (from pytest)
  Using cached https://files.pythonhosted.org/packages/76/bc/394ad449851729244a97857ee14d7cba61ddb268dce3db538ba2f2ba1f0f/py-1.8.0-py2.py3-none-any.whl
Collecting more-itertools>=4.0.0; python_version > "2.7" (from pytest)
  Using cached https://files.pythonhosted.org/packages/b3/73/64fb5922b745fc1daee8a2880d907d2a70d9c7bb71eea86fcb9445daab5e/more_itertools-7.0.0-py3-none-any.whl
Collecting attrs>=17.4.0 (from pytest)
  Using cached https://files.pythonhosted.org/packages/23/96/d828354fa2dbdf216eaa7b7de0db692f12c234f7ef888cc14980ef40d1d2/attrs-19.1.0-py2.py3-none-any.whl
Collecting coverage>=4.4 (from pytest-cov)
  Downloading https://files.pythonhosted.org/packages/b4/6a/8e2918c56682739cf177a7358929fed427d3982cc649e859b7a2d5c7daea/coverage-4.5.3-cp37-cp37m-manylinux1_x86_64.whl (204kB)
Installing collected packages: atomicwrites, pluggy, six, wcwidth, py, more-itertools, attrs, pytest, coverage, pytest-cov
Successfully installed atomicwrites-1.3.0 attrs-19.1.0 coverage-4.5.3 more-itertools-7.0.0 pluggy-0.11.0 py-1.8.0 pytest-4.5.0 pytest-cov-2.7.1 six-1.12.0 wcwidth-0.1.7
